<?xml version="1.0" encoding="UTF-8"?>
<!-- Generated by org.testng.reporters.JUnitXMLReporter -->
<testsuite ignored="0" hostname="SVS" failures="0" tests="2" name="Default test" time="14.126" errors="0" timestamp="2022-08-10T16:31:53 PDT">
  <testcase classname="com.gmoonline.ValidatingMouseOperations" name="validatepageloadinginmouseoperations" time="9.954"/>
  <testcase classname="com.gmoonline.ValidatingMouseOperations" name="validatebuttonsindemoqa" time="1.0"/>
</testsuite> <!-- Default test -->
