<?xml version="1.0" encoding="UTF-8"?>
<testng-results ignored="0" total="2" passed="2" failed="0" skipped="0">
  <reporter-output>
  </reporter-output>
  <suite started-at="2022-08-10T16:31:39 PDT" name="Default suite" finished-at="2022-08-10T16:31:53 PDT" duration-ms="14126">
    <groups>
    </groups>
    <test started-at="2022-08-10T16:31:39 PDT" name="Default test" finished-at="2022-08-10T16:31:53 PDT" duration-ms="14126">
      <class name="com.gmoonline.ValidatingMouseOperations">
        <test-method is-config="true" signature="beforeSuite()[pri:0, instance:com.gmoonline.ValidatingMouseOperations@7722c3c3]" started-at="2022-08-10T16:31:39 PDT" name="beforeSuite" finished-at="2022-08-10T16:31:39 PDT" duration-ms="12" status="PASS">
          <reporter-output>
          </reporter-output>
        </test-method> <!-- beforeSuite -->
        <test-method is-config="true" signature="beforeTest()[pri:0, instance:com.gmoonline.ValidatingMouseOperations@7722c3c3]" started-at="2022-08-10T16:31:39 PDT" name="beforeTest" finished-at="2022-08-10T16:31:42 PDT" duration-ms="3095" status="PASS">
          <reporter-output>
          </reporter-output>
        </test-method> <!-- beforeTest -->
        <test-method is-config="true" signature="beforeClass()[pri:0, instance:com.gmoonline.ValidatingMouseOperations@7722c3c3]" started-at="2022-08-10T16:31:42 PDT" name="beforeClass" finished-at="2022-08-10T16:31:42 PDT" duration-ms="0" status="PASS">
          <reporter-output>
          </reporter-output>
        </test-method> <!-- beforeClass -->
        <test-method is-config="true" signature="beforeMethod()[pri:0, instance:com.gmoonline.ValidatingMouseOperations@7722c3c3]" started-at="2022-08-10T16:31:42 PDT" name="beforeMethod" finished-at="2022-08-10T16:31:42 PDT" duration-ms="1" status="PASS">
          <reporter-output>
          </reporter-output>
        </test-method> <!-- beforeMethod -->
        <test-method signature="validatepageloadinginmouseoperations()[pri:0, instance:com.gmoonline.ValidatingMouseOperations@7722c3c3]" started-at="2022-08-10T16:31:42 PDT" name="validatepageloadinginmouseoperations" finished-at="2022-08-10T16:31:52 PDT" duration-ms="9954" status="PASS">
          <reporter-output>
          </reporter-output>
        </test-method> <!-- validatepageloadinginmouseoperations -->
        <test-method is-config="true" signature="afterMethod()[pri:0, instance:com.gmoonline.ValidatingMouseOperations@7722c3c3]" started-at="2022-08-10T16:31:52 PDT" name="afterMethod" finished-at="2022-08-10T16:31:52 PDT" duration-ms="3" status="PASS">
          <reporter-output>
          </reporter-output>
        </test-method> <!-- afterMethod -->
        <test-method signature="validatebuttonsindemoqa()[pri:1, instance:com.gmoonline.ValidatingMouseOperations@7722c3c3]" started-at="2022-08-10T16:31:52 PDT" name="validatebuttonsindemoqa" finished-at="2022-08-10T16:31:53 PDT" duration-ms="1000" status="PASS">
          <reporter-output>
          </reporter-output>
        </test-method> <!-- validatebuttonsindemoqa -->
        <test-method is-config="true" signature="beforeMethod()[pri:0, instance:com.gmoonline.ValidatingMouseOperations@7722c3c3]" started-at="2022-08-10T16:31:52 PDT" name="beforeMethod" finished-at="2022-08-10T16:31:52 PDT" duration-ms="0" status="PASS">
          <reporter-output>
          </reporter-output>
        </test-method> <!-- beforeMethod -->
        <test-method is-config="true" signature="afterTest()[pri:0, instance:com.gmoonline.ValidatingMouseOperations@7722c3c3]" started-at="2022-08-10T16:31:53 PDT" name="afterTest" finished-at="2022-08-10T16:31:53 PDT" duration-ms="0" status="PASS">
          <reporter-output>
          </reporter-output>
        </test-method> <!-- afterTest -->
        <test-method is-config="true" signature="afterMethod()[pri:0, instance:com.gmoonline.ValidatingMouseOperations@7722c3c3]" started-at="2022-08-10T16:31:53 PDT" name="afterMethod" finished-at="2022-08-10T16:31:53 PDT" duration-ms="0" status="PASS">
          <reporter-output>
          </reporter-output>
        </test-method> <!-- afterMethod -->
        <test-method is-config="true" signature="afterClass()[pri:0, instance:com.gmoonline.ValidatingMouseOperations@7722c3c3]" started-at="2022-08-10T16:31:53 PDT" name="afterClass" finished-at="2022-08-10T16:31:53 PDT" duration-ms="0" status="PASS">
          <reporter-output>
          </reporter-output>
        </test-method> <!-- afterClass -->
        <test-method is-config="true" signature="afterSuite()[pri:0, instance:com.gmoonline.ValidatingMouseOperations@7722c3c3]" started-at="2022-08-10T16:31:53 PDT" name="afterSuite" finished-at="2022-08-10T16:31:53 PDT" duration-ms="0" status="PASS">
          <reporter-output>
          </reporter-output>
        </test-method> <!-- afterSuite -->
      </class> <!-- com.gmoonline.ValidatingMouseOperations -->
    </test> <!-- Default test -->
  </suite> <!-- Default suite -->
</testng-results>
